<?xml version="1.0" encoding="UTF-8"?>
<!-- Generated by org.testng.reporters.JUnitReportReporter -->
<testsuite hostname="digvijay-HP" failures="0" tests="1" name="PageTest.PaymentsPageTest" time="32.303" errors="0" timestamp="2024-10-29T12:52:51 IST" skipped="0">
  <testcase classname="PageTest.PaymentsPageTest" name="productTest" time="32.303"/>
</testsuite> <!-- PageTest.PaymentsPageTest -->
